# JRE version: OpenJDK Runtime Environment (17.0.7) (build 17.0.7+0-b2043.56-10353782)
# Java VM: OpenJDK 64-Bit Server VM (17.0.7+0-b2043.56-10353782, mixed mode, tiered, compressed oops, compressed class ptrs, g1 gc, windows-amd64)
GC Precious Log:
 CPUs: 12 total, 12 available
 Memory: 16215M
 Large Page Support: Disabled
 NUMA Support: Disabled
 Compressed Oops: Enabled (32-bit)
 Heap Region Size: 1M
 Heap Min Capacity: 8M
 Heap Initial Capacity: 254M
 Heap Max Capacity: 2G
 Pre-touch: Disabled
 Parallel Workers: 10
 Concurrent Workers: 3
 Concurrent Refinement Workers: 10
 Periodic GC: Disabled
Heap:
 garbage-first heap   total 260096K, used 139615K [0x0000000080000000, 0x0000000100000000)
  region size 1024K, 3 young (3072K), 3 survivors (3072K)
 Metaspace       used 125673K, committed 126656K, reserved 1179648K
  class space    used 16878K, committed 17344K, reserved 1048576K
GC Heap History (20 events):
Event: 18.359 GC heap after
{Heap after GC invocations=60 (full 0):
 garbage-first heap   total 232448K, used 114363K [0x0000000080000000, 0x0000000100000000)
  region size 1024K, 2 young (2048K), 2 survivors (2048K)
 Metaspace       used 116258K, committed 117120K, reserved 1179648K
  class space    used 15714K, committed 16128K, reserved 1048576K
}
Event: 18.491 GC heap before
{Heap before GC invocations=60 (full 0):
 garbage-first heap   total 232448K, used 191163K [0x0000000080000000, 0x0000000100000000)
  region size 1024K, 77 young (78848K), 2 survivors (2048K)
 Metaspace       used 116259K, committed 117120K, reserved 1179648K
  class space    used 15714K, committed 16128K, reserved 1048576K
}
Event: 18.492 GC heap after
{Heap after GC invocations=61 (full 0):
 garbage-first heap   total 232448K, used 114491K [0x0000000080000000, 0x0000000100000000)
  region size 1024K, 2 young (2048K), 2 survivors (2048K)
 Metaspace       used 116259K, committed 117120K, reserved 1179648K
  class space    used 15714K, committed 16128K, reserved 1048576K
}
Event: 27.683 GC heap before
{Heap before GC invocations=61 (full 0):
 garbage-first heap   total 232448K, used 193339K [0x0000000080000000, 0x0000000100000000)
  region size 1024K, 80 young (81920K), 2 survivors (2048K)
 Metaspace       used 120372K, committed 121280K, reserved 1179648K
  class space    used 16301K, committed 16768K, reserved 1048576K
}
Event: 27.687 GC heap after
{Heap after GC invocations=62 (full 0):
 garbage-first heap   total 232448K, used 116357K [0x0000000080000000, 0x0000000100000000)
  region size 1024K, 6 young (6144K), 6 survivors (6144K)
 Metaspace       used 120372K, committed 121280K, reserved 1179648K
  class space    used 16301K, committed 16768K, reserved 1048576K
}
Event: 301.372 GC heap before
{Heap before GC invocations=62 (full 0):
 garbage-first heap   total 232448K, used 195205K [0x0000000080000000, 0x0000000100000000)
  region size 1024K, 83 young (84992K), 6 survivors (6144K)
 Metaspace       used 122211K, committed 123136K, reserved 1179648K
  class space    used 16506K, committed 16960K, reserved 1048576K
}
Event: 301.379 GC heap after
{Heap after GC invocations=63 (full 0):
 garbage-first heap   total 232448K, used 122577K [0x0000000080000000, 0x0000000100000000)
  region size 1024K, 11 young (11264K), 11 survivors (11264K)
 Metaspace       used 122211K, committed 123136K, reserved 1179648K
  class space    used 16506K, committed 16960K, reserved 1048576K
}
Event: 349.847 GC heap before
{Heap before GC invocations=63 (full 0):
 garbage-first heap   total 232448K, used 193233K [0x0000000080000000, 0x0000000100000000)
  region size 1024K, 81 young (82944K), 11 survivors (11264K)
 Metaspace       used 122820K, committed 123776K, reserved 1179648K
  class space    used 16543K, committed 17024K, reserved 1048576K
}
Event: 349.855 GC heap after
{Heap after GC invocations=64 (full 0):
 garbage-first heap   total 232448K, used 130600K [0x0000000080000000, 0x0000000100000000)
  region size 1024K, 9 young (9216K), 9 survivors (9216K)
 Metaspace       used 122820K, committed 123776K, reserved 1179648K
  class space    used 16543K, committed 17024K, reserved 1048576K
}
Event: 350.396 GC heap before
{Heap before GC invocations=64 (full 0):
 garbage-first heap   total 232448K, used 191016K [0x0000000080000000, 0x0000000100000000)
  region size 1024K, 69 young (70656K), 9 survivors (9216K)
 Metaspace       used 125016K, committed 126016K, reserved 1179648K
  class space    used 16820K, committed 17344K, reserved 1048576K
}
Event: 350.404 GC heap after
{Heap after GC invocations=65 (full 0):
 garbage-first heap   total 232448K, used 137624K [0x0000000080000000, 0x0000000100000000)
  region size 1024K, 7 young (7168K), 7 survivors (7168K)
 Metaspace       used 125016K, committed 126016K, reserved 1179648K
  class space    used 16820K, committed 17344K, reserved 1048576K
}
Event: 350.762 GC heap before
{Heap before GC invocations=65 (full 0):
 garbage-first heap   total 232448K, used 191896K [0x0000000080000000, 0x0000000100000000)
  region size 1024K, 61 young (62464K), 7 survivors (7168K)
 Metaspace       used 125568K, committed 126464K, reserved 1179648K
  class space    used 16877K, committed 17344K, reserved 1048576K
}
Event: 350.767 GC heap after
{Heap after GC invocations=66 (full 0):
 garbage-first heap   total 232448K, used 139704K [0x0000000080000000, 0x0000000100000000)
  region size 1024K, 3 young (3072K), 3 survivors (3072K)
 Metaspace       used 125568K, committed 126464K, reserved 1179648K
  class space    used 16877K, committed 17344K, reserved 1048576K
}
Event: 350.815 GC heap before
{Heap before GC invocations=66 (full 0):
 garbage-first heap   total 232448K, used 192952K [0x0000000080000000, 0x0000000100000000)
  region size 1024K, 56 young (57344K), 3 survivors (3072K)
 Metaspace       used 125600K, committed 126528K, reserved 1179648K
  class space    used 16877K, committed 17344K, reserved 1048576K
}
Event: 350.817 GC heap after
{Heap after GC invocations=67 (full 0):
 garbage-first heap   total 232448K, used 139843K [0x0000000080000000, 0x0000000100000000)
  region size 1024K, 3 young (3072K), 3 survivors (3072K)
 Metaspace       used 125600K, committed 126528K, reserved 1179648K
  class space    used 16877K, committed 17344K, reserved 1048576K
}
Event: 350.870 GC heap before
{Heap before GC invocations=67 (full 0):
 garbage-first heap   total 232448K, used 195139K [0x0000000080000000, 0x0000000100000000)
  region size 1024K, 58 young (59392K), 3 survivors (3072K)
 Metaspace       used 125613K, committed 126592K, reserved 1179648K
  class space    used 16877K, committed 17344K, reserved 1048576K
}
Event: 350.872 GC heap after
{Heap after GC invocations=68 (full 0):
 garbage-first heap   total 232448K, used 139653K [0x0000000080000000, 0x0000000100000000)
  region size 1024K, 3 young (3072K), 3 survivors (3072K)
 Metaspace       used 125613K, committed 126592K, reserved 1179648K
  class space    used 16877K, committed 17344K, reserved 1048576K
}
Event: 350.942 GC heap before
{Heap before GC invocations=68 (full 0):
 garbage-first heap   total 232448K, used 196997K [0x0000000080000000, 0x0000000100000000)
  region size 1024K, 60 young (61440K), 3 survivors (3072K)
 Metaspace       used 125655K, committed 126656K, reserved 1179648K
  class space    used 16878K, committed 17344K, reserved 1048576K
}
Event: 350.944 GC heap after
{Heap after GC invocations=69 (full 0):
 garbage-first heap   total 232448K, used 140382K [0x0000000080000000, 0x0000000100000000)
  region size 1024K, 3 young (3072K), 3 survivors (3072K)
 Metaspace       used 125655K, committed 126656K, reserved 1179648K
  class space    used 16878K, committed 17344K, reserved 1048576K
}
Event: 351.043 GC heap before
{Heap before GC invocations=69 (full 0):
 garbage-first heap   total 232448K, used 198750K [0x0000000080000000, 0x0000000100000000)
  region size 1024K, 61 young (62464K), 3 survivors (3072K)
 Metaspace       used 125673K, committed 126656K, reserved 1179648K
  class space    used 16878K, committed 17344K, reserved 1048576K
}

